#
# There is insufficient memory for the Java Runtime Environment to continue.
# Native memory allocation (mmap) failed to map 226492416 bytes for G1 virtual space
# Possible reasons:
#   The system is out of physical RAM or swap space
#   The process is running with CompressedOops enabled, and the Java Heap may be blocking the growth of the native heap
# Possible solutions:
#   Reduce memory load on the system
#   Increase physical memory or swap space
#   Check if swap backing store is full
#   Decrease Java heap size (-Xmx/-Xms)
#   Decrease number of Java threads
#   Decrease Java thread stack sizes (-Xss)
#   Set larger code cache with -XX:ReservedCodeCacheSize=
#   JVM is running with Zero Based Compressed Oops mode in which the Java heap is
#     placed in the first 32GB address space. The Java Heap base address is the
#     maximum limit for the native heap growth. Please use -XX:HeapBaseMinAddress
#     to set the Java Heap base and to place the Java Heap above 32GB virtual address.
# This output file may be truncated or incomplete.
#
#  Out of Memory Error (os_windows.cpp:3548), pid=24336, tid=9632
#
# JRE version: Java(TM) SE Runtime Environment (17.0.10+11) (build 17.0.10+11-LTS-240)
# Java VM: Java HotSpot(TM) 64-Bit Server VM (17.0.10+11-LTS-240, mixed mode, emulated-client, sharing, tiered, compressed oops, compressed class ptrs, g1 gc, windows-amd64)
# No core dump will be written. Minidumps are not enabled by default on client versions of Windows
#

---------------  S U M M A R Y ------------

Command Line: -Dcom.sun.management.jmxremote -Dcom.sun.management.jmxremote.port=50395 -Dcom.sun.management.jmxremote.authenticate=false -Dcom.sun.management.jmxremote.ssl=false -Djava.rmi.server.hostname=localhost -Dspring.jmx.enabled=true -Dmanagement.endpoints.jmx.exposure.include=* -Dspring.application.admin.enabled=true -XX:TieredStopAtLevel=1 -Dspring.boot.project.name=hrjoin -Dfile.encoding=UTF-8 -Dstdout.encoding=UTF-8 -Dstderr.encoding=UTF-8 -XX:+ShowCodeDetailsInExceptionMessages net.scit.hrjoin.HrjoinApplication --spring.output.ansi.enabled=always

Host: Intel(R) Core(TM) 7 150U, 12 cores, 31G,  Windows 11 , 64 bit Build 22621 (10.0.22621.4391)
Time: Thu Dec 19 16:22:43 2024  Windows 11 , 64 bit Build 22621 (10.0.22621.4391) elapsed time: 2430.526191 seconds (0d 0h 40m 30s)

---------------  T H R E A D  ---------------

Current thread (0x00000258fbb88120):  VMThread "VM Thread" [stack: 0x000000b446500000,0x000000b446600000] [id=9632]

Stack: [0x000000b446500000,0x000000b446600000]
Native frames: (J=compiled Java code, j=interpreted, Vv=VM code, C=native code)
V  [jvm.dll+0x677a5a]
V  [jvm.dll+0x7d8b2d]
V  [jvm.dll+0x7da48e]
V  [jvm.dll+0x7daaf3]
V  [jvm.dll+0x2455ff]
V  [jvm.dll+0x6749b9]
V  [jvm.dll+0x669382]
V  [jvm.dll+0x302e96]
V  [jvm.dll+0x30a416]
V  [jvm.dll+0x359cbe]
V  [jvm.dll+0x359eef]
V  [jvm.dll+0x2d9e88]
V  [jvm.dll+0x2d8295]
V  [jvm.dll+0x2d789c]
V  [jvm.dll+0x31b18b]
V  [jvm.dll+0x7df30b]
V  [jvm.dll+0x7e0044]
V  [jvm.dll+0x7e055d]
V  [jvm.dll+0x7e0934]
V  [jvm.dll+0x7e0a00]
V  [jvm.dll+0x78888a]
V  [jvm.dll+0x676935]
C  [ucrtbase.dll+0x29333]
C  [KERNEL32.DLL+0x1259d]
C  [ntdll.dll+0x5af38]

VM_Operation (0x000000b445efe580): G1CollectForAllocation, mode: safepoint, requested by thread 0x00000258c500bda0


---------------  P R O C E S S  ---------------

Threads class SMR info:
_java_thread_list=0x00000258c679c110, length=49, elements={
0x00000258fbb8be10, 0x00000258fbb8e9b0, 0x00000258fbbb12e0, 0x00000258fbbb08c0,
0x00000258fbbaf990, 0x00000258fbbafea0, 0x00000258fbbb90d0, 0x00000258fbbaea60,
0x00000258fbbb0dd0, 0x00000258fbbb17f0, 0x00000258fbbb03b0, 0x00000258fbbb1d00,
0x00000258fbbb2210, 0x00000258c500eb30, 0x00000258c500ae70, 0x00000258c500c2b0,
0x00000258c500d6f0, 0x00000258c647e4c0, 0x00000258c5009520, 0x00000258c500a960,
0x00000258c50085f0, 0x00000258c500b890, 0x00000258c500fa60, 0x00000258c500bda0,
0x00000258c5008b00, 0x00000258c6482180, 0x00000258c647dfb0, 0x00000258c50080e0,
0x00000258c647f900, 0x00000258c64844f0, 0x00000258c647e9d0, 0x00000258c647d080,
0x00000258c6483ad0, 0x00000258c6482ba0, 0x00000258c647eee0, 0x00000258c6483fe0,
0x00000258c647fe10, 0x00000258c6481250, 0x00000258c6481c70, 0x00000258c64830b0,
0x00000258c64835c0, 0x00000258c647d590, 0x00000258c6480320, 0x00000258c6484a00,
0x00000258c647daa0, 0x00000258c647f3f0, 0x00000258c6480830, 0x00000258c6482690,
0x00000258c5009f40
}

Java Threads: ( => current thread )
  0x00000258fbb8be10 JavaThread "Reference Handler" daemon [_thread_blocked, id=25372, stack(0x000000b446600000,0x000000b446700000)]
  0x00000258fbb8e9b0 JavaThread "Finalizer" daemon [_thread_blocked, id=10712, stack(0x000000b446700000,0x000000b446800000)]
  0x00000258fbbb12e0 JavaThread "Signal Dispatcher" daemon [_thread_blocked, id=2920, stack(0x000000b446800000,0x000000b446900000)]
  0x00000258fbbb08c0 JavaThread "Attach Listener" daemon [_thread_blocked, id=1328, stack(0x000000b446900000,0x000000b446a00000)]
  0x00000258fbbaf990 JavaThread "Service Thread" daemon [_thread_blocked, id=20464, stack(0x000000b446a00000,0x000000b446b00000)]
  0x00000258fbbafea0 JavaThread "Monitor Deflation Thread" daemon [_thread_blocked, id=9640, stack(0x000000b446b00000,0x000000b446c00000)]
  0x00000258fbbb90d0 JavaThread "C1 CompilerThread0" daemon [_thread_blocked, id=15152, stack(0x000000b446c00000,0x000000b446d00000)]
  0x00000258fbbaea60 JavaThread "Sweeper thread" daemon [_thread_blocked, id=17972, stack(0x000000b446d00000,0x000000b446e00000)]
  0x00000258fbbb0dd0 JavaThread "Common-Cleaner" daemon [_thread_blocked, id=4216, stack(0x000000b446e00000,0x000000b446f00000)]
  0x00000258fbbb17f0 JavaThread "Notification Thread" daemon [_thread_blocked, id=18700, stack(0x000000b447200000,0x000000b447300000)]
  0x00000258fbbb03b0 JavaThread "RMI TCP Accept-0" daemon [_thread_in_native, id=22848, stack(0x000000b447300000,0x000000b447400000)]
  0x00000258fbbb1d00 JavaThread "RMI TCP Accept-50395" daemon [_thread_in_native, id=15852, stack(0x000000b447400000,0x000000b447500000)]
  0x00000258fbbb2210 JavaThread "RMI TCP Accept-0" daemon [_thread_in_native, id=1844, stack(0x000000b447500000,0x000000b447600000)]
  0x00000258c500eb30 JavaThread "RMI Scheduler(0)" daemon [_thread_blocked, id=20096, stack(0x000000b448400000,0x000000b448500000)]
  0x00000258c500ae70 JavaThread "JMX server connection timeout 25" daemon [_thread_blocked, id=12628, stack(0x000000b448600000,0x000000b448700000)]
  0x00000258c500c2b0 JavaThread "mysql-cj-abandoned-connection-cleanup" daemon [_thread_blocked, id=17088, stack(0x000000b448c00000,0x000000b448d00000)]
  0x00000258c500d6f0 JavaThread "Live Reload Server" daemon [_thread_in_native, id=8496, stack(0x000000b449200000,0x000000b449300000)]
  0x00000258c647e4c0 JavaThread "DestroyJavaVM" [_thread_blocked, id=21956, stack(0x000000b445f00000,0x000000b446000000)]
  0x00000258c5009520 JavaThread "File Watcher" daemon [_thread_blocked, id=12380, stack(0x000000b447000000,0x000000b447100000)]
  0x00000258c500a960 JavaThread "File Watcher" daemon [_thread_blocked, id=15164, stack(0x000000b447100000,0x000000b447200000)]
  0x00000258c50085f0 JavaThread "File Watcher" daemon [_thread_blocked, id=24464, stack(0x000000b445d00000,0x000000b445e00000)]
  0x00000258c500b890 JavaThread "File Watcher" daemon [_thread_blocked, id=25208, stack(0x000000b448100000,0x000000b448200000)]
  0x00000258c500fa60 JavaThread "File Watcher" daemon [_thread_blocked, id=25644, stack(0x000000b448300000,0x000000b448400000)]
  0x00000258c500bda0 JavaThread "File Watcher" daemon [_thread_blocked, id=11028, stack(0x000000b445e00000,0x000000b445f00000)]
  0x00000258c5008b00 JavaThread "File Watcher" daemon [_thread_blocked, id=20816, stack(0x000000b448200000,0x000000b448300000)]
  0x00000258c6482180 JavaThread "File Watcher" daemon [_thread_blocked, id=2540, stack(0x000000b448500000,0x000000b448600000)]
  0x00000258c647dfb0 JavaThread "File Watcher" daemon [_thread_blocked, id=18144, stack(0x000000b448900000,0x000000b448a00000)]
  0x00000258c50080e0 JavaThread "File Watcher" daemon [_thread_blocked, id=13680, stack(0x000000b448a00000,0x000000b448b00000)]
  0x00000258c647f900 JavaThread "RMI TCP Connection(idle)" daemon [_thread_blocked, id=4388, stack(0x000000b44a300000,0x000000b44a400000)]
  0x00000258c64844f0 JavaThread "Catalina-utility-1" [_thread_blocked, id=3544, stack(0x000000b446f00000,0x000000b447000000)]
  0x00000258c647e9d0 JavaThread "Catalina-utility-2" [_thread_blocked, id=11456, stack(0x000000b448f00000,0x000000b449000000)]
  0x00000258c647d080 JavaThread "container-10" [_thread_blocked, id=25812, stack(0x000000b449000000,0x000000b449100000)]
  0x00000258c6483ad0 JavaThread "HikariPool-21 housekeeper" daemon [_thread_blocked, id=1208, stack(0x000000b449100000,0x000000b449200000)]
  0x00000258c6482ba0 JavaThread "File Watcher" daemon [_thread_blocked, id=7836, stack(0x000000b449700000,0x000000b449800000)]
  0x00000258c647eee0 JavaThread "http-nio-9012-exec-1" daemon [_thread_blocked, id=9416, stack(0x000000b449800000,0x000000b449900000)]
  0x00000258c6483fe0 JavaThread "http-nio-9012-exec-2" daemon [_thread_blocked, id=2168, stack(0x000000b449900000,0x000000b449a00000)]
  0x00000258c647fe10 JavaThread "http-nio-9012-exec-3" daemon [_thread_blocked, id=16932, stack(0x000000b449a00000,0x000000b449b00000)]
  0x00000258c6481250 JavaThread "http-nio-9012-exec-4" daemon [_thread_blocked, id=7660, stack(0x000000b449b00000,0x000000b449c00000)]
  0x00000258c6481c70 JavaThread "http-nio-9012-exec-5" daemon [_thread_blocked, id=3936, stack(0x000000b449c00000,0x000000b449d00000)]
  0x00000258c64830b0 JavaThread "http-nio-9012-exec-6" daemon [_thread_blocked, id=17508, stack(0x000000b449d00000,0x000000b449e00000)]
  0x00000258c64835c0 JavaThread "http-nio-9012-exec-7" daemon [_thread_blocked, id=23236, stack(0x000000b449e00000,0x000000b449f00000)]
  0x00000258c647d590 JavaThread "http-nio-9012-exec-8" daemon [_thread_blocked, id=23572, stack(0x000000b449f00000,0x000000b44a000000)]
  0x00000258c6480320 JavaThread "http-nio-9012-exec-9" daemon [_thread_blocked, id=6116, stack(0x000000b44a000000,0x000000b44a100000)]
  0x00000258c6484a00 JavaThread "http-nio-9012-exec-10" daemon [_thread_blocked, id=20824, stack(0x000000b44a100000,0x000000b44a200000)]
  0x00000258c647daa0 JavaThread "http-nio-9012-Poller" daemon [_thread_in_native, id=10456, stack(0x000000b44a200000,0x000000b44a300000)]
  0x00000258c647f3f0 JavaThread "http-nio-9012-Acceptor" daemon [_thread_in_native, id=9544, stack(0x000000b44a400000,0x000000b44a500000)]
  0x00000258c6480830 JavaThread "RMI TCP Connection(idle)" daemon [_thread_blocked, id=21544, stack(0x000000b44a500000,0x000000b44a600000)]
  0x00000258c6482690 JavaThread "RMI TCP Connection(idle)" daemon [_thread_blocked, id=22940, stack(0x000000b445c00000,0x000000b445d00000)]
  0x00000258c5009f40 JavaThread "RMI TCP Connection(idle)" daemon [_thread_blocked, id=17084, stack(0x000000b44a600000,0x000000b44a700000)]

Other Threads:
=>0x00000258fbb88120 VMThread "VM Thread" [stack: 0x000000b446500000,0x000000b446600000] [id=9632]
  0x00000258fed52bf0 WatcherThread [stack: 0x000000b447600000,0x000000b447700000] [id=11572]
  0x00000258de183160 GCTaskThread "GC Thread#0" [stack: 0x000000b446000000,0x000000b446100000] [id=6372]
  0x00000258ff148cd0 GCTaskThread "GC Thread#1" [stack: 0x000000b447700000,0x000000b447800000] [id=16952]
  0x00000258ff1bb680 GCTaskThread "GC Thread#2" [stack: 0x000000b447800000,0x000000b447900000] [id=16224]
  0x00000258ff1bb940 GCTaskThread "GC Thread#3" [stack: 0x000000b447900000,0x000000b447a00000] [id=25384]
  0x00000258ff1f21b0 GCTaskThread "GC Thread#4" [stack: 0x000000b447a00000,0x000000b447b00000] [id=18288]
  0x00000258ff1f2470 GCTaskThread "GC Thread#5" [stack: 0x000000b447b00000,0x000000b447c00000] [id=15808]
  0x00000258ff1f2730 GCTaskThread "GC Thread#6" [stack: 0x000000b447c00000,0x000000b447d00000] [id=10904]
  0x00000258ff1f29f0 GCTaskThread "GC Thread#7" [stack: 0x000000b447d00000,0x000000b447e00000] [id=916]
  0x00000258ff1f2cb0 GCTaskThread "GC Thread#8" [stack: 0x000000b447e00000,0x000000b447f00000] [id=8684]
  0x00000258ff149b80 GCTaskThread "GC Thread#9" [stack: 0x000000b447f00000,0x000000b448000000] [id=11400]
  0x00000258fb9e7f60 ConcurrentGCThread "G1 Main Marker" [stack: 0x000000b446100000,0x000000b446200000] [id=23808]
  0x00000258fb9e8870 ConcurrentGCThread "G1 Conc#0" [stack: 0x000000b446200000,0x000000b446300000] [id=10196]
  0x00000258c55bd3b0 ConcurrentGCThread "G1 Conc#1" [stack: 0x000000b448700000,0x000000b448800000] [id=18120]
  0x00000258c55a0710 ConcurrentGCThread "G1 Conc#2" [stack: 0x000000b448800000,0x000000b448900000] [id=12156]
  0x00000258fbac7700 ConcurrentGCThread "G1 Refine#0" [stack: 0x000000b446300000,0x000000b446400000] [id=1316]
  0x00000258ff149e40 ConcurrentGCThread "G1 Refine#1" [stack: 0x000000b448000000,0x000000b448100000] [id=12916]
  0x00000258fbac8030 ConcurrentGCThread "G1 Service" [stack: 0x000000b446400000,0x000000b446500000] [id=2064]

Threads with active compile tasks:

VM state: at safepoint (normal execution)

VM Mutex/Monitor currently owned by a thread:  ([mutex/lock_event])
[0x00000258de0d03b0] Threads_lock - owner thread: 0x00000258fbb88120
[0x00000258de0d09e0] Heap_lock - owner thread: 0x00000258c500bda0

Heap address: 0x0000000604c00000, size: 8116 MB, Compressed Oops mode: Zero based, Oop shift amount: 3

CDS archive(s) mapped at: [0x0000025880000000-0x0000025880bd0000-0x0000025880bd0000), size 12386304, SharedBaseAddress: 0x0000025880000000, ArchiveRelocationMode: 1.
Compressed class space mapped at: 0x0000025881000000-0x00000258c1000000, reserved size: 1073741824
Narrow klass base: 0x0000025880000000, Narrow klass shift: 0, Narrow klass range: 0x100000000

GC Precious Log:
 CPUs: 12 total, 12 available
 Memory: 32451M
 Large Page Support: Disabled
 NUMA Support: Disabled
 Compressed Oops: Enabled (Zero based)
 Heap Region Size: 4M
 Heap Min Capacity: 8M
 Heap Initial Capacity: 508M
 Heap Max Capacity: 8116M
 Pre-touch: Disabled
 Parallel Workers: 10
 Concurrent Workers: 3
 Concurrent Refinement Workers: 10
 Periodic GC: Disabled

Heap:
 garbage-first heap   total 81920K, used 28060K [0x0000000604c00000, 0x0000000800000000)
  region size 4096K, 1 young (4096K), 1 survivors (4096K)
 Metaspace       used 62461K, committed 63168K, reserved 1114112K
  class space    used 8917K, committed 9216K, reserved 1048576K

Heap Regions: E=young(eden), S=young(survivor), O=old, HS=humongous(starts), HC=humongous(continues), CS=collection set, F=free, OA=open archive, CA=closed archive, TAMS=top-at-mark-start (previous, next)
|   0|0x0000000604c00000, 0x0000000604fffff8, 0x0000000605000000| 99%| O|  |TAMS 0x0000000604fffff8, 0x0000000604c00000| Untracked 
|   1|0x0000000605000000, 0x00000006053fffe8, 0x0000000605400000| 99%| O|  |TAMS 0x00000006053fffe8, 0x0000000605000000| Untracked 
|   2|0x0000000605400000, 0x00000006057ffff8, 0x0000000605800000| 99%| O|  |TAMS 0x00000006057ffff8, 0x0000000605400000| Untracked 
|   3|0x0000000605800000, 0x0000000605bffff0, 0x0000000605c00000| 99%| O|  |TAMS 0x0000000605bffff0, 0x0000000605800000| Untracked 
|   4|0x0000000605c00000, 0x0000000605fffa80, 0x0000000606000000| 99%| O|  |TAMS 0x0000000605c00000, 0x0000000605c00000| Untracked 
|   5|0x0000000606000000, 0x0000000606221e40, 0x0000000606400000| 53%| O|  |TAMS 0x0000000606000000, 0x0000000606000000| Untracked 
|   6|0x0000000606400000, 0x0000000606582b88, 0x0000000606800000| 37%| O|  |TAMS 0x0000000606400000, 0x0000000606400000| Untracked 
|   7|0x0000000606800000, 0x0000000606800000, 0x0000000606c00000|  0%| F|  |TAMS 0x0000000606800000, 0x0000000606800000| Untracked 
|   8|0x0000000606c00000, 0x0000000606c00000, 0x0000000607000000|  0%| F|  |TAMS 0x0000000606c00000, 0x0000000606c00000| Untracked 
|   9|0x0000000607000000, 0x0000000607000000, 0x0000000607400000|  0%| F|  |TAMS 0x0000000607000000, 0x0000000607000000| Untracked 
|  10|0x0000000607400000, 0x00000006077c2e58, 0x0000000607800000| 94%| S|CS|TAMS 0x0000000607400000, 0x0000000607400000| Complete 
|  11|0x0000000607800000, 0x0000000607800000, 0x0000000607c00000|  0%| F|  |TAMS 0x0000000607800000, 0x0000000607800000| Untracked 
|  12|0x0000000607c00000, 0x0000000607c00000, 0x0000000608000000|  0%| F|  |TAMS 0x0000000607c00000, 0x0000000607c00000| Untracked 
|  13|0x0000000608000000, 0x0000000608000000, 0x0000000608400000|  0%| F|  |TAMS 0x0000000608000000, 0x0000000608000000| Untracked 
|  14|0x0000000608400000, 0x0000000608400000, 0x0000000608800000|  0%| F|  |TAMS 0x0000000608400000, 0x0000000608400000| Untracked 
|  15|0x0000000608800000, 0x0000000608800000, 0x0000000608c00000|  0%| F|  |TAMS 0x0000000608800000, 0x0000000608800000| Untracked 
|  16|0x0000000608c00000, 0x0000000608c00000, 0x0000000609000000|  0%| F|  |TAMS 0x0000000608c00000, 0x0000000608c00000| Untracked 
|  17|0x0000000609000000, 0x0000000609000000, 0x0000000609400000|  0%| F|  |TAMS 0x0000000609000000, 0x0000000609000000| Untracked 
|  18|0x0000000609400000, 0x0000000609400000, 0x0000000609800000|  0%| F|  |TAMS 0x0000000609400000, 0x0000000609400000| Untracked 
|  19|0x0000000609800000, 0x0000000609800000, 0x0000000609c00000|  0%| F|  |TAMS 0x0000000609800000, 0x0000000609800000| Untracked 

Card table byte_map: [0x00000258e9c80000,0x00000258eac60000] _byte_map_base: 0x00000258e6c5a000

Marking Bits (Prev, Next): (CMBitMap*) 0x00000258de183680, (CMBitMap*) 0x00000258de1836c0
 Prev Bits: [0x00000258ebc40000, 0x00000258f3b10000)
 Next Bits: [0x00000258f3b10000, 0x00000258fb9e0000)

Polling page: 0x00000258dc040000

Metaspace:

Usage:
  Non-class:     52.29 MB used.
      Class:      8.71 MB used.
       Both:     61.00 MB used.

Virtual space:
  Non-class space:       64.00 MB reserved,      52.69 MB ( 82%) committed,  1 nodes.
      Class space:        1.00 GB reserved,       9.00 MB ( <1%) committed,  1 nodes.
             Both:        1.06 GB reserved,      61.69 MB (  6%) committed. 

Chunk freelists:
   Non-Class:  11.32 MB
       Class:  7.08 MB
        Both:  18.40 MB

MaxMetaspaceSize: unlimited
CompressedClassSpaceSize: 1.00 GB
Initial GC threshold: 21.00 MB
Current GC threshold: 102.81 MB
CDS: on
MetaspaceReclaimPolicy: balanced
 - commit_granule_bytes: 65536.
 - commit_granule_words: 8192.
 - virtual_space_node_default_size: 8388608.
 - enlarge_chunks_in_place: 1.
 - new_chunks_are_fully_committed: 0.
 - uncommit_free_chunks: 1.
 - use_allocation_guard: 0.
 - handle_deallocations: 1.


Internal statistics:

num_allocs_failed_limit: 6.
num_arena_births: 1398.
num_arena_deaths: 660.
num_vsnodes_births: 2.
num_vsnodes_deaths: 0.
num_space_committed: 989.
num_space_uncommitted: 2.
num_chunks_returned_to_freelist: 918.
num_chunks_taken_from_freelist: 4088.
num_chunk_merges: 255.
num_chunk_splits: 2535.
num_chunks_enlarged: 1820.
num_inconsistent_stats: 0.

CodeCache: size=49152Kb used=16541Kb max_used=18226Kb free=32610Kb
 bounds [0x00000258e5970000, 0x00000258e6ba0000, 0x00000258e8970000]
 total_blobs=10240 nmethods=9546 adapters=620
 compilation: enabled
              stopped_count=0, restarted_count=0
 full_count=0

Compilation events (20 events):
Event: 2395.664 Thread 0x00000258c6977430 9536       1       com.sun.jmx.mbeanserver.MXBeanLookup::setLookup (8 bytes)
Event: 2395.664 Thread 0x00000258c6977430 nmethod 9536 0x00000258e68bdf10 code [0x00000258e68be0c0, 0x00000258e68be2d8]
Event: 2395.766 Thread 0x00000258fbbb90d0 9537       1       java.io.ObjectInputStream$HandleTable::lookupObject (26 bytes)
Event: 2395.766 Thread 0x00000258c6977430 9538       1       java.io.ObjectInputStream::getObjectInputFilter (5 bytes)
Event: 2395.766 Thread 0x00000258fbbb90d0 nmethod 9537 0x00000258e68bda90 code [0x00000258e68bdc40, 0x00000258e68bddb8]
Event: 2395.766 Thread 0x00000258c6977430 nmethod 9538 0x00000258e68bd790 code [0x00000258e68bd920, 0x00000258e68bd9f8]
Event: 2395.767 Thread 0x00000258c6771630 9539       1       javax.management.remote.rmi.RMIConnectionImpl$SetCcl::run (5 bytes)
Event: 2395.767 Thread 0x00000258c6771630 nmethod 9539 0x00000258e68bd390 code [0x00000258e68bd540, 0x00000258e68bd678]
Event: 2395.870 Thread 0x00000258c6771630 9540       1       java.io.ObjectInputStream::readHandle (141 bytes)
Event: 2395.872 Thread 0x00000258c6771630 nmethod 9540 0x00000258e68bc110 code [0x00000258e68bc3a0, 0x00000258e68bce48]
Event: 2396.076 Thread 0x00000258c6977430 9541       1       java.security.PermissionCollection::setReadOnly (6 bytes)
Event: 2396.076 Thread 0x00000258c6977430 nmethod 9541 0x00000258e68bbe10 code [0x00000258e68bbfa0, 0x00000258e68bc078]
Event: 2415.888 Thread 0x00000258fbbb90d0 9542       1       sun.nio.ch.SocketDispatcher::close (5 bytes)
Event: 2415.888 Thread 0x00000258fbbb90d0 nmethod 9542 0x00000258e68bb710 code [0x00000258e68bb8a0, 0x00000258e68bb988]
Event: 2415.888 Thread 0x00000258fbbb90d0 9543       1       java.io.FileDescriptor$1::set (6 bytes)
Event: 2415.889 Thread 0x00000258fbbb90d0 nmethod 9543 0x00000258e68bb210 code [0x00000258e68bb3c0, 0x00000258e68bb5e8]
Event: 2415.889 Thread 0x00000258fbbb90d0 9544  s    1       java.io.FileDescriptor::set (30 bytes)
Event: 2415.889 Thread 0x00000258fbbb90d0 nmethod 9544 0x00000258e68bad90 code [0x00000258e68baf40, 0x00000258e68bb128]
Event: 2415.889 Thread 0x00000258fbbb90d0 9546       1       sun.nio.ch.SocketDispatcher::invalidateAndClose (46 bytes)
Event: 2415.889 Thread 0x00000258fbbb90d0 nmethod 9546 0x00000258e68ba890 code [0x00000258e68baa40, 0x00000258e68bac58]

GC Heap History (20 events):
Event: 2246.816 GC heap after
{Heap after GC invocations=33 (full 7):
 garbage-first heap   total 81920K, used 25197K [0x0000000604c00000, 0x0000000800000000)
  region size 4096K, 1 young (4096K), 1 survivors (4096K)
 Metaspace       used 61951K, committed 63168K, reserved 1114112K
  class space    used 8860K, committed 9216K, reserved 1048576K
}
Event: 2250.385 GC heap before
{Heap before GC invocations=33 (full 7):
 garbage-first heap   total 81920K, used 62061K [0x0000000604c00000, 0x0000000800000000)
  region size 4096K, 10 young (40960K), 1 survivors (4096K)
 Metaspace       used 61960K, committed 63168K, reserved 1114112K
  class space    used 8862K, committed 9216K, reserved 1048576K
}
Event: 2250.387 GC heap after
{Heap after GC invocations=34 (full 7):
 garbage-first heap   total 81920K, used 27641K [0x0000000604c00000, 0x0000000800000000)
  region size 4096K, 2 young (8192K), 2 survivors (8192K)
 Metaspace       used 61960K, committed 63168K, reserved 1114112K
  class space    used 8862K, committed 9216K, reserved 1048576K
}
Event: 2288.646 GC heap before
{Heap before GC invocations=34 (full 7):
 garbage-first heap   total 81920K, used 56313K [0x0000000604c00000, 0x0000000800000000)
  region size 4096K, 10 young (40960K), 2 survivors (8192K)
 Metaspace       used 62173K, committed 63168K, reserved 1114112K
  class space    used 8893K, committed 9216K, reserved 1048576K
}
Event: 2288.656 GC heap after
{Heap after GC invocations=35 (full 7):
 garbage-first heap   total 81920K, used 29931K [0x0000000604c00000, 0x0000000800000000)
  region size 4096K, 2 young (8192K), 2 survivors (8192K)
 Metaspace       used 62173K, committed 63168K, reserved 1114112K
  class space    used 8893K, committed 9216K, reserved 1048576K
}
Event: 2302.500 GC heap before
{Heap before GC invocations=35 (full 7):
 garbage-first heap   total 81920K, used 29931K [0x0000000604c00000, 0x0000000800000000)
  region size 4096K, 3 young (12288K), 2 survivors (8192K)
 Metaspace       used 62176K, committed 63168K, reserved 1114112K
  class space    used 8894K, committed 9216K, reserved 1048576K
}
Event: 2302.532 GC heap after
{Heap after GC invocations=36 (full 8):
 garbage-first heap   total 81920K, used 24227K [0x0000000604c00000, 0x0000000800000000)
  region size 4096K, 0 young (0K), 0 survivors (0K)
 Metaspace       used 62037K, committed 63168K, reserved 1114112K
  class space    used 8881K, committed 9216K, reserved 1048576K
}
Event: 2302.663 GC heap before
{Heap before GC invocations=36 (full 8):
 garbage-first heap   total 81920K, used 52899K [0x0000000604c00000, 0x0000000800000000)
  region size 4096K, 8 young (32768K), 0 survivors (0K)
 Metaspace       used 62053K, committed 63168K, reserved 1114112K
  class space    used 8884K, committed 9216K, reserved 1048576K
}
Event: 2302.665 GC heap after
{Heap after GC invocations=37 (full 8):
 garbage-first heap   total 81920K, used 27185K [0x0000000604c00000, 0x0000000800000000)
  region size 4096K, 1 young (4096K), 1 survivors (4096K)
 Metaspace       used 62053K, committed 63168K, reserved 1114112K
  class space    used 8884K, committed 9216K, reserved 1048576K
}
Event: 2306.320 GC heap before
{Heap before GC invocations=37 (full 8):
 garbage-first heap   total 81920K, used 47665K [0x0000000604c00000, 0x0000000800000000)
  region size 4096K, 8 young (32768K), 1 survivors (4096K)
 Metaspace       used 62196K, committed 63168K, reserved 1114112K
  class space    used 8898K, committed 9216K, reserved 1048576K
}
Event: 2306.348 GC heap after
{Heap after GC invocations=38 (full 9):
 garbage-first heap   total 81920K, used 24391K [0x0000000604c00000, 0x0000000800000000)
  region size 4096K, 0 young (0K), 0 survivors (0K)
 Metaspace       used 62173K, committed 63168K, reserved 1114112K
  class space    used 8893K, committed 9216K, reserved 1048576K
}
Event: 2306.490 GC heap before
{Heap before GC invocations=38 (full 9):
 garbage-first heap   total 81920K, used 53063K [0x0000000604c00000, 0x0000000800000000)
  region size 4096K, 8 young (32768K), 0 survivors (0K)
 Metaspace       used 62186K, committed 63168K, reserved 1114112K
  class space    used 8896K, committed 9216K, reserved 1048576K
}
Event: 2306.492 GC heap after
{Heap after GC invocations=39 (full 9):
 garbage-first heap   total 81920K, used 27268K [0x0000000604c00000, 0x0000000800000000)
  region size 4096K, 1 young (4096K), 1 survivors (4096K)
 Metaspace       used 62186K, committed 63168K, reserved 1114112K
  class space    used 8896K, committed 9216K, reserved 1048576K
}
Event: 2342.792 GC heap before
{Heap before GC invocations=39 (full 9):
 garbage-first heap   total 81920K, used 55940K [0x0000000604c00000, 0x0000000800000000)
  region size 4096K, 9 young (36864K), 1 survivors (4096K)
 Metaspace       used 62326K, committed 63168K, reserved 1114112K
  class space    used 8907K, committed 9216K, reserved 1048576K
}
Event: 2342.804 GC heap after
{Heap after GC invocations=40 (full 9):
 garbage-first heap   total 81920K, used 28204K [0x0000000604c00000, 0x0000000800000000)
  region size 4096K, 1 young (4096K), 1 survivors (4096K)
 Metaspace       used 62326K, committed 63168K, reserved 1114112K
  class space    used 8907K, committed 9216K, reserved 1048576K
}
Event: 2394.702 GC heap before
{Heap before GC invocations=40 (full 9):
 garbage-first heap   total 81920K, used 36396K [0x0000000604c00000, 0x0000000800000000)
  region size 4096K, 4 young (16384K), 1 survivors (4096K)
 Metaspace       used 62329K, committed 63168K, reserved 1114112K
  class space    used 8908K, committed 9216K, reserved 1048576K
}
Event: 2394.739 GC heap after
{Heap after GC invocations=41 (full 10):
 garbage-first heap   total 81920K, used 24209K [0x0000000604c00000, 0x0000000800000000)
  region size 4096K, 0 young (0K), 0 survivors (0K)
 Metaspace       used 62311K, committed 63168K, reserved 1114112K
  class space    used 8903K, committed 9216K, reserved 1048576K
}
Event: 2394.921 GC heap before
{Heap before GC invocations=41 (full 10):
 garbage-first heap   total 81920K, used 52881K [0x0000000604c00000, 0x0000000800000000)
  region size 4096K, 8 young (32768K), 0 survivors (0K)
 Metaspace       used 62320K, committed 63168K, reserved 1114112K
  class space    used 8906K, committed 9216K, reserved 1048576K
}
Event: 2394.924 GC heap after
{Heap after GC invocations=42 (full 10):
 garbage-first heap   total 81920K, used 26948K [0x0000000604c00000, 0x0000000800000000)
  region size 4096K, 1 young (4096K), 1 survivors (4096K)
 Metaspace       used 62320K, committed 63168K, reserved 1114112K
  class space    used 8906K, committed 9216K, reserved 1048576K
}
Event: 2430.508 GC heap before
{Heap before GC invocations=42 (full 10):
 garbage-first heap   total 81920K, used 59716K [0x0000000604c00000, 0x0000000800000000)
  region size 4096K, 9 young (36864K), 1 survivors (4096K)
 Metaspace       used 62461K, committed 63168K, reserved 1114112K
  class space    used 8917K, committed 9216K, reserved 1048576K
}

Deoptimization events (2 events):
Event: 1.431 Thread 0x00000258c5009520 DEOPT PACKING pc=0x00000258e5e8951f sp=0x000000b4489ff1a0
Event: 1.431 Thread 0x00000258c5009520 DEOPT UNPACKING pc=0x00000258e59c2b43 sp=0x000000b4489fe5f8 mode 3

Classes unloaded (20 events):
Event: 2302.511 Thread 0x00000258fbb88120 Unloading class 0x00000258815a5200 'net/scit/hrjoin/controller/MainController'
Event: 2302.511 Thread 0x00000258fbb88120 Unloading class 0x00000258815a5000 'net/scit/hrjoin/HrjoinApplication'
Event: 2306.330 Thread 0x00000258fbb88120 Unloading class 0x00000258818b4000 'org/apache/catalina/loader/JdbcLeakPrevention'
Event: 2306.330 Thread 0x00000258fbb88120 Unloading class 0x00000258817bc000 'java/lang/invoke/LambdaForm$MH+0x00000258817bc000'
Event: 2306.330 Thread 0x00000258fbb88120 Unloading class 0x000002588189c800 'java/lang/invoke/LambdaForm$MH+0x000002588189c800'
Event: 2306.330 Thread 0x00000258fbb88120 Unloading class 0x00000258818b8c68 'net/scit/hrjoin/entity/EmployeeEntity'
Event: 2306.330 Thread 0x00000258fbb88120 Unloading class 0x00000258818b8a30 'net/scit/hrjoin/entity/DepartmentEntity'
Event: 2306.330 Thread 0x00000258fbb88120 Unloading class 0x00000258818b8800 'net/scit/hrjoin/HrjoinApplication$$SpringCGLIB$$0'
Event: 2306.330 Thread 0x00000258fbb88120 Unloading class 0x00000258818f0408 'net/scit/hrjoin/service/HrjoinService'
Event: 2306.330 Thread 0x00000258fbb88120 Unloading class 0x00000258818f0200 'net/scit/hrjoin/controller/MainController'
Event: 2306.330 Thread 0x00000258fbb88120 Unloading class 0x00000258818f0000 'net/scit/hrjoin/HrjoinApplication'
Event: 2394.716 Thread 0x00000258fbb88120 Unloading class 0x000002588189c000 'org/apache/catalina/loader/JdbcLeakPrevention'
Event: 2394.716 Thread 0x00000258fbb88120 Unloading class 0x0000025881007400 'java/lang/invoke/LambdaForm$MH+0x0000025881007400'
Event: 2394.716 Thread 0x00000258fbb88120 Unloading class 0x0000025881704c00 'java/lang/invoke/LambdaForm$MH+0x0000025881704c00'
Event: 2394.716 Thread 0x00000258fbb88120 Unloading class 0x0000025881705400 'java/lang/invoke/LambdaForm$MH+0x0000025881705400'
Event: 2394.716 Thread 0x00000258fbb88120 Unloading class 0x00000258810d4c00 'java/lang/invoke/LambdaForm$MH+0x00000258810d4c00'
Event: 2394.716 Thread 0x00000258fbb88120 Unloading class 0x00000258810d6000 'java/lang/invoke/LambdaForm$MH+0x00000258810d6000'
Event: 2394.716 Thread 0x00000258fbb88120 Unloading class 0x0000025881005400 'java/lang/invoke/LambdaForm$MH+0x0000025881005400'
Event: 2394.716 Thread 0x00000258fbb88120 Unloading class 0x00000258818ae800 'java/lang/invoke/LambdaForm$MH+0x00000258818ae800'
Event: 2394.716 Thread 0x00000258fbb88120 Unloading class 0x00000258818b3800 'java/lang/invoke/LambdaForm$MH+0x00000258818b3800'

Classes redefined (0 events):
No events

Internal exceptions (20 events):
Event: 2306.488 Thread 0x00000258c500ccd0 Exception <a 'java/io/FileNotFoundException'{0x0000000607fa9a88}> (0x0000000607fa9a88) 
thrown [s\open\src\hotspot\share\prims\jni.cpp, line 516]
Event: 2306.504 Thread 0x00000258c500ccd0 Exception <a 'sun/nio/fs/WindowsException'{0x0000000609b91908}> (0x0000000609b91908) 
thrown [s\open\src\hotspot\share\prims\jni.cpp, line 516]
Event: 2306.555 Thread 0x00000258c500ccd0 Exception <a 'sun/nio/fs/WindowsException'{0x0000000608fd21b0}> (0x0000000608fd21b0) 
thrown [s\open\src\hotspot\share\prims\jni.cpp, line 516]
Event: 2394.702 Thread 0x00000258c500e110 Exception <a 'java/lang/InterruptedException'{0x000000060901ec40}: sleep interrupted> (0x000000060901ec40) 
thrown [s\open\src\hotspot\share\prims\jvm.cpp, line 3064]
Event: 2394.753 Thread 0x00000258c6482690 Exception <a 'sun/nio/fs/WindowsException'{0x0000000609881de8}> (0x0000000609881de8) 
thrown [s\open\src\hotspot\share\prims\jni.cpp, line 516]
Event: 2394.766 Thread 0x00000258c6482690 Exception <a 'sun/nio/fs/WindowsException'{0x0000000609b5cb60}> (0x0000000609b5cb60) 
thrown [s\open\src\hotspot\share\prims\jni.cpp, line 516]
Event: 2394.845 Thread 0x00000258c6482690 Exception <a 'sun/nio/fs/WindowsException'{0x0000000608404a50}> (0x0000000608404a50) 
thrown [s\open\src\hotspot\share\prims\jni.cpp, line 516]
Event: 2394.864 Thread 0x00000258c6482690 Exception <a 'java/lang/NoClassDefFoundError'{0x000000060870d220}: org/flywaydb/core/Flyway> (0x000000060870d220) 
thrown [s\open\src\hotspot\share\oops\constantPool.cpp, line 835]
Event: 2394.864 Thread 0x00000258c6482690 Exception <a 'java/lang/NoClassDefFoundError'{0x000000060870d870}: liquibase/integration/spring/SpringLiquibase> (0x000000060870d870) 
thrown [s\open\src\hotspot\share\oops\constantPool.cpp, line 835]
Event: 2394.864 Thread 0x00000258c6482690 Exception <a 'java/lang/NoClassDefFoundError'{0x0000000608725550}: org/springframework/batch/core/repository/JobRepository> (0x0000000608725550) 
thrown [s\open\src\hotspot\share\oops\constantPool.cpp, line 835]
Event: 2394.864 Thread 0x00000258c6482690 Exception <a 'java/lang/NoClassDefFoundError'{0x0000000608725b98}: org/quartz/Scheduler> (0x0000000608725b98) 
thrown [s\open\src\hotspot\share\oops\constantPool.cpp, line 835]
Event: 2394.864 Thread 0x00000258c6482690 Exception <a 'java/lang/NoClassDefFoundError'{0x0000000608726208}: org/springframework/session/jdbc/JdbcIndexedSessionRepository> (0x0000000608726208) 
thrown [s\open\src\hotspot\share\oops\constantPool.cpp, line 835]
Event: 2394.866 Thread 0x00000258c6482690 Exception <a 'java/lang/NoClassDefFoundError'{0x000000060876be08}: org/jooq/DSLContext> (0x000000060876be08) 
thrown [s\open\src\hotspot\share\oops\constantPool.cpp, line 835]
Event: 2394.887 Thread 0x00000258c6482690 Exception <a 'sun/nio/fs/WindowsException'{0x0000000607d9e280}> (0x0000000607d9e280) 
thrown [s\open\src\hotspot\share\prims\jni.cpp, line 516]
Event: 2394.887 Thread 0x00000258c6482690 Exception <a 'sun/nio/fs/WindowsException'{0x0000000607d9e878}> (0x0000000607d9e878) 
thrown [s\open\src\hotspot\share\prims\jni.cpp, line 516]
Event: 2394.887 Thread 0x00000258c6482690 Exception <a 'sun/nio/fs/WindowsException'{0x0000000607d9ef50}> (0x0000000607d9ef50) 
thrown [s\open\src\hotspot\share\prims\jni.cpp, line 516]
Event: 2394.905 Thread 0x00000258c6482690 Exception <a 'java/io/FileNotFoundException'{0x0000000607ddfbe0}> (0x0000000607ddfbe0) 
thrown [s\open\src\hotspot\share\prims\jni.cpp, line 516]
Event: 2394.918 Thread 0x00000258c6482690 Exception <a 'java/io/FileNotFoundException'{0x0000000607fa67b0}> (0x0000000607fa67b0) 
thrown [s\open\src\hotspot\share\prims\jni.cpp, line 516]
Event: 2394.946 Thread 0x00000258c6482690 Exception <a 'sun/nio/fs/WindowsException'{0x0000000609b90268}> (0x0000000609b90268) 
thrown [s\open\src\hotspot\share\prims\jni.cpp, line 516]
Event: 2395.078 Thread 0x00000258c6482690 Exception <a 'sun/nio/fs/WindowsException'{0x0000000608ff38a8}> (0x0000000608ff38a8) 
thrown [s\open\src\hotspot\share\prims\jni.cpp, line 516]

VM Operations (20 events):
Event: 2306.349 Executing VM operation: G1CollectFull done
Event: 2306.490 Executing VM operation: G1CollectForAllocation
Event: 2306.492 Executing VM operation: G1CollectForAllocation done
Event: 2307.492 Executing VM operation: Cleanup
Event: 2307.492 Executing VM operation: Cleanup done
Event: 2341.506 Executing VM operation: Cleanup
Event: 2341.506 Executing VM operation: Cleanup done
Event: 2342.792 Executing VM operation: G1CollectForAllocation
Event: 2342.804 Executing VM operation: G1CollectForAllocation done
Event: 2345.182 Executing VM operation: HandshakeAllThreads
Event: 2345.182 Executing VM operation: HandshakeAllThreads done
Event: 2394.702 Executing VM operation: G1CollectFull
Event: 2394.740 Executing VM operation: G1CollectFull done
Event: 2394.921 Executing VM operation: G1CollectForAllocation
Event: 2394.924 Executing VM operation: G1CollectForAllocation done
Event: 2395.936 Executing VM operation: Cleanup
Event: 2395.936 Executing VM operation: Cleanup done
Event: 2405.287 Executing VM operation: HandshakeAllThreads
Event: 2405.287 Executing VM operation: HandshakeAllThreads done
Event: 2430.508 Executing VM operation: G1CollectForAllocation

Events (20 events):
Event: 2395.142 Thread 0x00000258c64830b0 Thread added: 0x00000258c64830b0
Event: 2395.142 Thread 0x00000258c64835c0 Thread added: 0x00000258c64835c0
Event: 2395.142 Thread 0x00000258c647d590 Thread added: 0x00000258c647d590
Event: 2395.142 Thread 0x00000258c6480320 Thread added: 0x00000258c6480320
Event: 2395.142 Thread 0x00000258c6484a00 Thread added: 0x00000258c6484a00
Event: 2395.143 Thread 0x00000258c647daa0 Thread added: 0x00000258c647daa0
Event: 2395.143 Thread 0x00000258c647f3f0 Thread added: 0x00000258c647f3f0
Event: 2395.147 Thread 0x00000258c6480830 Thread exited: 0x00000258c6480830
Event: 2395.147 Thread 0x00000258c6480830 Thread added: 0x00000258c6480830
Event: 2395.147 Thread 0x00000258c6482690 Thread exited: 0x00000258c6482690
Event: 2395.149 Thread 0x00000258c6482690 Thread added: 0x00000258c6482690
Event: 2395.150 Thread 0x00000258c500dc00 Thread added: 0x00000258c500dc00
Event: 2395.151 Thread 0x00000258c5009f40 Thread added: 0x00000258c5009f40
Event: 2395.152 Thread 0x00000258c500c7c0 Thread added: 0x00000258c500c7c0
Event: 2395.155 Thread 0x00000258c500c7c0 Thread exited: 0x00000258c500c7c0
Event: 2396.178 Thread 0x00000258c500dc00 Thread exited: 0x00000258c500dc00
Event: 2400.485 Thread 0x00000258c6481760 Thread exited: 0x00000258c6481760
Event: 2401.089 Thread 0x00000258c6977430 Thread exited: 0x00000258c6977430
Event: 2406.095 Thread 0x00000258c6976f10 Thread exited: 0x00000258c6976f10
Event: 2406.095 Thread 0x00000258c6771630 Thread exited: 0x00000258c6771630


Dynamic libraries:
0x00007ff6f7550000 - 0x00007ff6f7560000 	C:\Program Files\Java\jdk-17\bin\javaw.exe
0x00007ffff5610000 - 0x00007ffff5827000 	C:\Windows\SYSTEM32\ntdll.dll
0x00007ffff4da0000 - 0x00007ffff4e64000 	C:\Windows\System32\KERNEL32.DLL
0x00007ffff2a30000 - 0x00007ffff2dea000 	C:\Windows\System32\KERNELBASE.dll
0x00007ffff2f40000 - 0x00007ffff3051000 	C:\Windows\System32\ucrtbase.dll
0x00007fffee2e0000 - 0x00007fffee2f9000 	C:\Program Files\Java\jdk-17\bin\jli.dll
0x00007fffed120000 - 0x00007fffed13b000 	C:\Program Files\Java\jdk-17\bin\VCRUNTIME140.dll
0x00007ffff54c0000 - 0x00007ffff5572000 	C:\Windows\System32\ADVAPI32.dll
0x00007ffff4170000 - 0x00007ffff4217000 	C:\Windows\System32\msvcrt.dll
0x00007ffff4e70000 - 0x00007ffff4f17000 	C:\Windows\System32\sechost.dll
0x00007ffff2a00000 - 0x00007ffff2a28000 	C:\Windows\System32\bcrypt.dll
0x00007ffff5380000 - 0x00007ffff5494000 	C:\Windows\System32\RPCRT4.dll
0x00007ffff51d0000 - 0x00007ffff537e000 	C:\Windows\System32\USER32.dll
0x00007ffff2e90000 - 0x00007ffff2eb6000 	C:\Windows\System32\win32u.dll
0x00007ffff4b10000 - 0x00007ffff4b39000 	C:\Windows\System32\GDI32.dll
0x00007fffd8a80000 - 0x00007fffd8d12000 	C:\Windows\WinSxS\amd64_microsoft.windows.common-controls_6595b64144ccf1df_6.0.22621.4541_none_2710d1c57384c085\COMCTL32.dll
0x00007ffff28e0000 - 0x00007ffff29fb000 	C:\Windows\System32\gdi32full.dll
0x00007ffff2df0000 - 0x00007ffff2e8a000 	C:\Windows\System32\msvcp_win.dll
0x00007fffea580000 - 0x00007fffea58a000 	C:\Windows\SYSTEM32\VERSION.dll
0x00007ffff5580000 - 0x00007ffff55b1000 	C:\Windows\System32\IMM32.DLL
0x00007fffee2d0000 - 0x00007fffee2dc000 	C:\Program Files\Java\jdk-17\bin\vcruntime140_1.dll
0x00007fffdf090000 - 0x00007fffdf11e000 	C:\Program Files\Java\jdk-17\bin\msvcp140.dll
0x00007fff686c0000 - 0x00007fff6929f000 	C:\Program Files\Java\jdk-17\bin\server\jvm.dll
0x00007ffff4160000 - 0x00007ffff4168000 	C:\Windows\System32\PSAPI.DLL
0x00007fffecfe0000 - 0x00007fffed014000 	C:\Windows\SYSTEM32\WINMM.dll
0x00007fffef640000 - 0x00007fffef649000 	C:\Windows\SYSTEM32\WSOCK32.dll
0x00007ffff34c0000 - 0x00007ffff3531000 	C:\Windows\System32\WS2_32.dll
0x00007ffff1a10000 - 0x00007ffff1a28000 	C:\Windows\SYSTEM32\kernel.appcore.dll
0x00007fffed110000 - 0x00007fffed11a000 	C:\Program Files\Java\jdk-17\bin\jimage.dll
0x00007ffff00f0000 - 0x00007ffff0322000 	C:\Windows\SYSTEM32\DBGHELP.DLL
0x00007ffff3dd0000 - 0x00007ffff415f000 	C:\Windows\System32\combase.dll
0x00007ffff4b40000 - 0x00007ffff4c17000 	C:\Windows\System32\OLEAUT32.dll
0x00007fffe1260000 - 0x00007fffe1292000 	C:\Windows\SYSTEM32\dbgcore.DLL
0x00007ffff3060000 - 0x00007ffff30db000 	C:\Windows\System32\bcryptPrimitives.dll
0x00007fffe67c0000 - 0x00007fffe67e5000 	C:\Program Files\Java\jdk-17\bin\java.dll
0x00007fffc8fc0000 - 0x00007fffc9097000 	C:\Program Files\Java\jdk-17\bin\jsvml.dll
0x00007ffff3550000 - 0x00007ffff3dc8000 	C:\Windows\System32\SHELL32.dll
0x00007ffff0830000 - 0x00007ffff1138000 	C:\Windows\SYSTEM32\windows.storage.dll
0x00007ffff06f0000 - 0x00007ffff082f000 	C:\Windows\SYSTEM32\wintypes.dll
0x00007ffff43d0000 - 0x00007ffff44ca000 	C:\Windows\System32\SHCORE.dll
0x00007ffff5170000 - 0x00007ffff51ce000 	C:\Windows\System32\shlwapi.dll
0x00007ffff2810000 - 0x00007ffff283b000 	C:\Windows\SYSTEM32\profapi.dll
0x00007fffe68f0000 - 0x00007fffe6909000 	C:\Program Files\Java\jdk-17\bin\net.dll
0x00007fffee580000 - 0x00007fffee6b6000 	C:\Windows\SYSTEM32\WINHTTP.dll
0x00007ffff1e90000 - 0x00007ffff1ef9000 	C:\Windows\system32\mswsock.dll
0x00007fffe67a0000 - 0x00007fffe67b6000 	C:\Program Files\Java\jdk-17\bin\nio.dll
0x00007fffe6780000 - 0x00007fffe6798000 	C:\Program Files\Java\jdk-17\bin\zip.dll
0x00007fffe7670000 - 0x00007fffe767a000 	C:\Program Files\Java\jdk-17\bin\management.dll
0x00007fffe6ae0000 - 0x00007fffe6aeb000 	C:\Program Files\Java\jdk-17\bin\management_ext.dll
0x00007fffcd380000 - 0x00007fffcd397000 	C:\Windows\system32\napinsp.dll
0x00007fffcd360000 - 0x00007fffcd37b000 	C:\Windows\system32\pnrpnsp.dll
0x00007ffff1430000 - 0x00007ffff1532000 	C:\Windows\SYSTEM32\DNSAPI.dll
0x00007ffff1400000 - 0x00007ffff142d000 	C:\Windows\SYSTEM32\IPHLPAPI.DLL
0x00007ffff34b0000 - 0x00007ffff34b9000 	C:\Windows\System32\NSI.dll
0x00007fffcd340000 - 0x00007fffcd351000 	C:\Windows\System32\winrnr.dll
0x00007fffea750000 - 0x00007fffea765000 	C:\Windows\system32\wshbth.dll
0x00007fffcc880000 - 0x00007fffcc8a7000 	C:\Windows\system32\nlansp_c.dll
0x00007fffea850000 - 0x00007fffea85a000 	C:\Windows\System32\rasadhlp.dll
0x00007fffeaa20000 - 0x00007fffeaaa3000 	C:\Windows\System32\fwpuclnt.dll
0x00007ffff20f0000 - 0x00007ffff210b000 	C:\Windows\SYSTEM32\CRYPTSP.dll
0x00007ffff1970000 - 0x00007ffff19a5000 	C:\Windows\system32\rsaenh.dll
0x00007ffff1f80000 - 0x00007ffff1fa8000 	C:\Windows\SYSTEM32\USERENV.dll
0x00007ffff20e0000 - 0x00007ffff20ec000 	C:\Windows\SYSTEM32\CRYPTBASE.dll
0x00007fffed290000 - 0x00007fffed2a9000 	C:\Windows\SYSTEM32\dhcpcsvc6.DLL
0x00007fffed270000 - 0x00007fffed28f000 	C:\Windows\SYSTEM32\dhcpcsvc.DLL
0x00007fffe6a30000 - 0x00007fffe6a3e000 	C:\Program Files\Java\jdk-17\bin\sunmscapi.dll
0x00007ffff31a0000 - 0x00007ffff3306000 	C:\Windows\System32\CRYPT32.dll
0x00007ffff22a0000 - 0x00007ffff22cd000 	C:\Windows\SYSTEM32\ncrypt.dll
0x00007ffff2260000 - 0x00007ffff2297000 	C:\Windows\SYSTEM32\NTASN1.dll
0x00007fffe6a20000 - 0x00007fffe6a30000 	C:\Program Files\Java\jdk-17\bin\verify.dll
0x00007fffe0a50000 - 0x00007fffe0a58000 	C:\Windows\system32\wshunix.dll

dbghelp: loaded successfully - version: 4.0.5 - missing functions: none
symbol engine: initialized successfully - sym options: 0x614 - pdb path: .;C:\Program Files\Java\jdk-17\bin;C:\Windows\SYSTEM32;C:\Windows\WinSxS\amd64_microsoft.windows.common-controls_6595b64144ccf1df_6.0.22621.4541_none_2710d1c57384c085;C:\Program Files\Java\jdk-17\bin\server

VM Arguments:
jvm_args: -Dcom.sun.management.jmxremote -Dcom.sun.management.jmxremote.port=50395 -Dcom.sun.management.jmxremote.authenticate=false -Dcom.sun.management.jmxremote.ssl=false -Djava.rmi.server.hostname=localhost -Dspring.jmx.enabled=true -Dmanagement.endpoints.jmx.exposure.include=* -Dspring.application.admin.enabled=true -XX:TieredStopAtLevel=1 -Dspring.boot.project.name=hrjoin -Dfile.encoding=UTF-8 -Dstdout.encoding=UTF-8 -Dstderr.encoding=UTF-8 -XX:+ShowCodeDetailsInExceptionMessages 
java_command: net.scit.hrjoin.HrjoinApplication --spring.output.ansi.enabled=always
java_class_path (initial): C:\workspace\Test_Backend\hrjoin\bin\main;C:\Users\user\.gradle\caches\modules-2\files-2.1\org.projectlombok\lombok\1.18.36\5a30490a6e14977d97d9c73c924c1f1b5311ea95\lombok-1.18.36.jar;C:\Users\user\.gradle\caches\modules-2\files-2.1\org.springframework.boot\spring-boot-starter-data-jpa\3.4.0\c6e24cab029e2b2ef36c4a5a5b1a82dbaa9d18c0\spring-boot-starter-data-jpa-3.4.0.jar;C:\Users\user\.gradle\caches\modules-2\files-2.1\org.springframework.boot\spring-boot-starter-thymeleaf\3.4.0\1ec7fdf829d485800146ec333d6e30af9fbc4830\spring-boot-starter-thymeleaf-3.4.0.jar;C:\Users\user\.gradle\caches\modules-2\files-2.1\org.springframework.boot\spring-boot-starter-web\3.4.0\5447a62dc3dee3eadf2def23314e0db4c81bb3\spring-boot-starter-web-3.4.0.jar;C:\Users\user\.gradle\caches\modules-2\files-2.1\org.springframework.boot\spring-boot-starter-jdbc\3.4.0\8e24eb3bee1a26a5b0ef58ad677ac3f6bf58a4ea\spring-boot-starter-jdbc-3.4.0.jar;C:\Users\user\.gradle\caches\modules-2\files-2.1\org.springframework.boot\spring-boot-starter-json\3.4.0\b817379dd7629234dbacd52a7d5a6b11f95d8d67\spring-boot-starter-json-3.4.0.jar;C:\Users\user\.gradle\caches\modules-2\files-2.1\org.springframework.boot\spring-boot-starter\3.4.0\81b6241291e468e5654a4df26ee8fb35c2879bbc\spring-boot-starter-3.4.0.jar;C:\Users\user\.gradle\caches\modules-2\files-2.1\org.hibernate.orm\hibernate-core\6.6.2.Final\eb4edddac5d31e47c367dde7d7b53a2a87f364a6\hibernate-core-6.6.2.Final.jar;C:\Users\user\.gradle\caches\modules-2\files-2.1\org.springframework.data\spring-data-jpa\3.4.0\b4eba91ce346e78f66dcada67fc493b8acaeac69\spring-data-jpa-3.4.0.jar;C:\Users\user\.gradle\caches\modules-2\files-2.1\org.springframework\spring-aspects\6.2.0\b26611284cc7a5540c7dea3788cf79b1fa872f8b\spring-aspects-6.2.0.jar;C:\Users\user\.gradle\caches\modules-2\files-2.1\org.thymeleaf\thymeleaf-spring6\3.1.2.RELEASE\6030c7b4e260c41336f378e53da6e8531263f24b\thymeleaf-spring6-3.1.2.RELEASE.jar;C:\Users\user\.gradle\caches\modules-2\f
Launcher Type: SUN_STANDARD

[Global flags]
     intx CICompilerCount                          = 4                                         {product} {ergonomic}
     uint ConcGCThreads                            = 3                                         {product} {ergonomic}
     uint G1ConcRefinementThreads                  = 10                                        {product} {ergonomic}
   size_t G1HeapRegionSize                         = 4194304                                   {product} {ergonomic}
    uintx GCDrainStackTargetSize                   = 64                                        {product} {ergonomic}
   size_t InitialHeapSize                          = 532676608                                 {product} {ergonomic}
     bool ManagementServer                         = true                                      {product} {command line}
   size_t MarkStackSize                            = 4194304                                   {product} {ergonomic}
   size_t MaxHeapSize                              = 8510242816                                {product} {ergonomic}
   size_t MaxNewSize                               = 5104467968                                {product} {ergonomic}
   size_t MinHeapDeltaBytes                        = 4194304                                   {product} {ergonomic}
   size_t MinHeapSize                              = 8388608                                   {product} {ergonomic}
    uintx NonProfiledCodeHeapSize                  = 0                                      {pd product} {ergonomic}
     bool ProfileInterpreter                       = false                                  {pd product} {command line}
    uintx ProfiledCodeHeapSize                     = 0                                      {pd product} {ergonomic}
     bool ShowCodeDetailsInExceptionMessages       = true                                   {manageable} {command line}
   size_t SoftMaxHeapSize                          = 8510242816                             {manageable} {ergonomic}
     intx TieredStopAtLevel                        = 1                                         {product} {command line}
     bool UseCompressedClassPointers               = true                           {product lp64_product} {ergonomic}
     bool UseCompressedOops                        = true                           {product lp64_product} {ergonomic}
     bool UseG1GC                                  = true                                      {product} {ergonomic}
     bool UseLargePagesIndividualAllocation        = false                                  {pd product} {ergonomic}

Logging:
Log output configuration:
 #0: stdout all=warning uptime,level,tags
 #1: stderr all=off uptime,level,tags

Environment Variables:
JAVA_HOME=C:\Program Files\Java\jdk-17
PATH=C:/DownloadFiles/sts-4.26.0.RELEASE//plugins/org.eclipse.justj.openjdk.hotspot.jre.full.win32.x86_64_21.0.4.v20240802-1551/jre/bin/server;C:/DownloadFiles/sts-4.26.0.RELEASE//plugins/org.eclipse.justj.openjdk.hotspot.jre.full.win32.x86_64_21.0.4.v20240802-1551/jre/bin;C:\Program Files\Java\jdk-17\bin;C:\Program Files\Common Files\Oracle\Java\javapath;C:\pr\ORDB\app\oracle\product\11.2.0\server\bin;C:\Windows\system32;C:\Windows;C:\Windows\System32\Wbem;C:\Windows\System32\WindowsPowerShell\v1.0\;C:\Windows\System32\OpenSSH\;C:\Program Files\Bandizip\;C:\Program Files\Git\cmd;C:\Users\user\AppData\Local\Microsoft\WindowsApps;C:\Users\user\AppData\Local\Programs\Microsoft VS Code\bin;C:\Program Files\JetBrains\IntelliJ IDEA 2024.2.3\bin;;C:\pr\MySQL\MySQL Server 8.0\bin;;C:\DownloadFiles\sts-4.26.0.RELEASE;
USERNAME=user
OS=Windows_NT
PROCESSOR_IDENTIFIER=Intel64 Family 6 Model 186 Stepping 3, GenuineIntel



---------------  S Y S T E M  ---------------

OS:
 Windows 11 , 64 bit Build 22621 (10.0.22621.4391)
OS uptime: 7 days 22:28 hours

CPU: total 12 (initial active 12) (6 cores per cpu, 2 threads per core) family 6 model 186 stepping 3 microcode 0x411f, cx8, cmov, fxsr, ht, mmx, 3dnowpref, sse, sse2, sse3, ssse3, sse4.1, sse4.2, popcnt, lzcnt, tsc, tscinvbit, avx, avx2, aes, erms, clmul, bmi1, bmi2, adx, sha, fma, vzeroupper, clflush, clflushopt, clwb

Memory: 4k page, system-wide physical 32451M (8232M free)
TotalPageFile size 55007M (AvailPageFile size 89M)
current process WorkingSet (physical memory assigned to process): 232M, peak: 423M
current process commit charge ("private bytes"): 277M, peak: 648M

vm_info: Java HotSpot(TM) 64-Bit Server VM (17.0.10+11-LTS-240) for windows-amd64 JRE (17.0.10+11-LTS-240), built on Dec 19 2023 21:47:25 by "mach5one" with MS VC++ 17.1 (VS2022)

END.
